*** Using Compiler 'V5.06 update 5 (build 528)', folder: 'D:\Keil5.24\Keil_v5\ARM\ARMCC\Bin'
Rebuild target '2025_11_12Test1'
assembling startup_stm32f407xx.s...
compiling stm32f4xx_hal_flash.c...
compiling gpio.c...
compiling stm32f4xx_hal_gpio.c...
compiling stm32f4xx_hal_flash_ramfunc.c...
compiling stm32f4xx_hal_flash_ex.c...
compiling UserCan.c...
../Core/Inc/UserCan.h(24): warning:  #1-D: last line of file ends without a newline
  #endif
..\Core\Src\UserCan.c(47): warning:  #223-D: function "LED_GREEN_TOGGLE" declared implicitly
      LED_GREEN_TOGGLE(); // green led blink indicate can comunication successful 
..\Core\Src\UserCan.c: 2 warnings, 0 errors
compiling can.c...
compiling main.c...
../Core/Inc/UserCan.h(24): warning:  #1-D: last line of file ends without a newline
  #endif
../Core/Src/main.c(103): warning:  #223-D: function "LIMIT_MIN_MAX" declared implicitly
    LIMIT_MIN_MAX(pid->i_out, -pid->i_max, pid->i_max);
../Core/Src/main.c(163): warning:  #223-D: function "printf" declared implicitly
      printf("rxbuffer %d\n",rxbuffer);
../Core/Src/main.c(182): warning:  #111-D: statement is unreachable
    HAL_Delay(1);
../Core/Src/main.c: 4 warnings, 0 errors
compiling stm32f4xx_hal_dma_ex.c...
compiling stm32f4xx_hal_rcc_ex.c...
compiling stm32f4xx_hal_can.c...
compiling stm32f4xx_it.c...
compiling stm32f4xx_hal_msp.c...
compiling usart.c...
compiling stm32f4xx_hal_rcc.c...
compiling stm32f4xx_hal_exti.c...
compiling stm32f4xx_hal_pwr_ex.c...
compiling stm32f4xx_hal.c...
compiling system_stm32f4xx.c...
compiling stm32f4xx_hal_dma.c...
compiling stm32f4xx_hal_pwr.c...
compiling stm32f4xx_hal_cortex.c...
compiling stm32f4xx_hal_uart.c...
linking...
2025_11_12Test1\2025_11_12Test1.axf: Error: L6218E: Undefined symbol LIMIT_MIN_MAX (referred from main.o).
2025_11_12Test1\2025_11_12Test1.axf: Error: L6218E: Undefined symbol LED_GREEN_TOGGLE (referred from usercan.o).
Not enough information to list image symbols.
Not enough information to list load addresses in the image map.
Finished: 2 information, 0 warning and 2 error messages.
"2025_11_12Test1\2025_11_12Test1.axf" - 2 Error(s), 6 Warning(s).
Target not created.
Build Time Elapsed:  00:00:20
